<?xml version="1.0" encoding="UTF-8"?>
<!-- Generated by org.testng.reporters.JUnitXMLReporter -->
<testsuite ignored="0" hostname="BLR-L-PF2DF8PA" failures="0" tests="1" name="Command line test" time="51.215" errors="0" timestamp="2022-03-14T20:55:46 IST">
  <testcase classname="com.testRunner.RunCukesTest" name="@AfterClass teardown" time="0.0">
    <failure type="java.lang.NoSuchMethodError" message="&amp;apos;void com.aventstack.extentreports.reporter.ExtentHtmlReporter.loadXMLConfig(java.io.File)&amp;apos;">
      <![CDATA[java.lang.NoSuchMethodError: 'void com.aventstack.extentreports.reporter.ExtentHtmlReporter.loadXMLConfig(java.io.File)'
at com.cucumber.listener.Reporter.loadXMLConfig(Reporter.java:56)
at com.testRunner.RunCukesTest.teardown(RunCukesTest.java:71)
at java.base/java.util.ArrayList.forEach(ArrayList.java:1511)
at com.testRunner.TestRunner.testRunner(TestRunner.java:42)
at com.testRunner.ExecuteTest.executeTest(ExecuteTest.java:30)
at java.base/java.util.ArrayList.forEach(ArrayList.java:1511)
... Removed 53 stack frames]]>
    </failure>
  </testcase> <!-- @AfterClass teardown -->
  <testcase classname="cucumber.api.testng.AbstractTestNGCucumberTests" name="feature" time="50.055"/>
</testsuite> <!-- Command line test -->
